<?xml version="1.0" encoding="UTF-8"?>
<!-- Generated by org.testng.reporters.JUnitReportReporter -->
<testsuite skipped="0" hostname="TRI02L-PF1KKCHT" name="com.hotewire.qa.testcases.VacationPageTest" tests="1" failures="0" timestamp="13 Feb 2020 19:41:26 GMT" time="48.192" errors="0">
  <testcase name="hotwire" time="48.192" classname="com.hotewire.qa.testcases.VacationPageTest"/>
</testsuite> <!-- com.hotewire.qa.testcases.VacationPageTest -->
