<?xml version="1.0" encoding="UTF-8"?>
<!-- Generated by org.testng.reporters.JUnitReportReporter -->
<testsuite skipped="0" hostname="TRI02L-PF1KKCHT" name="com.hotewire.qa.testcases.HomePageTest" tests="1" failures="0" timestamp="13 Feb 2020 05:59:52 GMT" time="12.339" errors="0">
  <testcase name="verifyvacationlink" time="12.339" classname="com.hotewire.qa.testcases.HomePageTest"/>
</testsuite> <!-- com.hotewire.qa.testcases.HomePageTest -->
